<?xml version="1.0" encoding="UTF-8"?>
<testng-results skipped="0" failed="0" total="2" passed="2">
  <reporter-output>
    <line>
      <![CDATA[Chrome]]>
    </line>
    <line>
      <![CDATA[77.0.3865.75]]>
    </line>
    <line>
      <![CDATA[C:\Users\yashwanth\Desktop\svn\sprint11\1001\uploads\export\releasingForTesting\.\Screenshot\EachStepScreenshot\100_Suite1\releaseToTestingScr\step_0.png]]>
    </line>
    <line>
      <![CDATA[C:\Users\yashwanth\Desktop\svn\sprint11\1001\uploads\export\releasingForTesting\.\Videos\100_Suite1_releaseToTestingScr.mp4]]>
    </line>
    <line>
      <![CDATA[Chrome]]>
    </line>
    <line>
      <![CDATA[77.0.3865.75]]>
    </line>
    <line>
      <![CDATA[C:\Users\yashwanth\Desktop\svn\sprint11\1001\uploads\export\releasingForTesting\.\Screenshot\EachStepScreenshot\100_Suite1\releaseToTestingScr\step_1.png]]>
    </line>
  </reporter-output>
  <suite name="Suite" duration-ms="34980" started-at="2019-11-28T08:36:34Z" finished-at="2019-11-28T08:37:09Z">
    <groups>
    </groups>
    <test name="Test" duration-ms="34980" started-at="2019-11-28T08:36:34Z" finished-at="2019-11-28T08:37:09Z">
      <class name="releaseToTestingMod.releaseToTestingFeat.releaseToTestingScr">
        <test-method status="PASS" signature="step_0()[pri:0, instance:releaseToTestingMod.releaseToTestingFeat.releaseToTestingScr@4566e5bd]" name="step_0" duration-ms="17576" started-at="2019-11-28T14:06:34Z" finished-at="2019-11-28T14:06:52Z">
          <reporter-output>
            <line>
              <![CDATA[Chrome]]>
            </line>
            <line>
              <![CDATA[77.0.3865.75]]>
            </line>
            <line>
              <![CDATA[C:\Users\yashwanth\Desktop\svn\sprint11\1001\uploads\export\releasingForTesting\.\Screenshot\EachStepScreenshot\100_Suite1\releaseToTestingScr\step_0.png]]>
            </line>
            <line>
              <![CDATA[C:\Users\yashwanth\Desktop\svn\sprint11\1001\uploads\export\releasingForTesting\.\Videos\100_Suite1_releaseToTestingScr.mp4]]>
            </line>
          </reporter-output>
        </test-method> <!-- step_0 -->
        <test-method status="PASS" signature="step_1()[pri:0, instance:releaseToTestingMod.releaseToTestingFeat.releaseToTestingScr@4566e5bd]" name="step_1" duration-ms="17378" started-at="2019-11-28T14:06:52Z" finished-at="2019-11-28T14:07:09Z">
          <reporter-output>
            <line>
              <![CDATA[Chrome]]>
            </line>
            <line>
              <![CDATA[77.0.3865.75]]>
            </line>
            <line>
              <![CDATA[C:\Users\yashwanth\Desktop\svn\sprint11\1001\uploads\export\releasingForTesting\.\Screenshot\EachStepScreenshot\100_Suite1\releaseToTestingScr\step_1.png]]>
            </line>
          </reporter-output>
        </test-method> <!-- step_1 -->
      </class> <!-- releaseToTestingMod.releaseToTestingFeat.releaseToTestingScr -->
    </test> <!-- Test -->
  </suite> <!-- Suite -->
</testng-results>
